<?xml version="1.0" encoding="UTF-8"?>
<!-- Generated by org.testng.reporters.JUnitXMLReporter -->
<testsuite ignored="0" hostname="DESKTOP-QPO8K3C" failures="1" tests="17" name="Default test" time="343.928" errors="0" timestamp="2020-12-04T23:32:51 IST">
  <testcase classname="testCases.HomePageTest" name="numberOfLinksInLeftSection" time="1.716"/>
  <testcase classname="testCases.HomePageTest" name="numberOfLinksInRightSection" time="0.752"/>
  <testcase classname="testCases.HomePageTest" name="oneRoundTripWithoutDepDate" time="73.101"/>
  <testcase classname="testCases.HomePageTest" name="titleOfLinksRightSection" time="31.259"/>
  <testcase classname="testCases.HomePageTest" name="validateOfOneRoundTrip" time="78.639"/>
  <testcase classname="testCases.HomePageTest" name="departureTime_Stops_Airlines" time="0.577"/>
  <testcase classname="testCases.HomePageTest" name="ValidateFilterResult" time="8.99"/>
  <testcase classname="testCases.HomePageTest" name="ValidateFilterResult" time="16.638"/>
  <testcase classname="testCases.HomePageTest" name="ValidateFilterResult" time="16.887"/>
  <testcase classname="testCases.HomePageTest" name="ValidateFilterResult" time="17.24"/>
  <testcase classname="testCases.HomePageTest" name="ValidateFilterResult" time="17.064"/>
  <testcase classname="testCases.HomePageTest" name="ValidateFilterResult" time="16.953"/>
  <testcase classname="testCases.HomePageTest" name="ValidateFilterResult" time="12.634"/>
  <testcase classname="testCases.HomePageTest" name="ValidateFilterResult" time="10.993"/>
  <testcase classname="testCases.HomePageTest" name="ValidateFilterResult" time="9.621"/>
  <testcase classname="testCases.HomePageTest" name="resetSortingPrice" time="0.81"/>
  <testcase classname="testCases.HomePageTest" name="flightBooking" time="13.973">
    <failure type="java.lang.AssertionError" message="offer msg is validated expected [true] but found [false]">
      <![CDATA[java.lang.AssertionError: offer msg is validated expected [true] but found [false]
at org.testng.Assert.fail(Assert.java:99)
at org.testng.Assert.failNotEquals(Assert.java:1037)
at org.testng.Assert.assertTrue(Assert.java:45)
at testCases.HomePageTest.flightBooking(HomePageTest.java:329)
at java.base/jdk.internal.reflect.NativeMethodAccessorImpl.invoke0(Native Method)
at java.base/jdk.internal.reflect.NativeMethodAccessorImpl.invoke(NativeMethodAccessorImpl.java:64)
at java.base/jdk.internal.reflect.DelegatingMethodAccessorImpl.invoke(DelegatingMethodAccessorImpl.java:43)
at java.base/java.lang.reflect.Method.invoke(Method.java:564)
at org.testng.internal.MethodInvocationHelper.invokeMethod(MethodInvocationHelper.java:132)
at org.testng.internal.TestInvoker.invokeMethod(TestInvoker.java:599)
at org.testng.internal.TestInvoker.invokeTestMethod(TestInvoker.java:174)
at org.testng.internal.MethodRunner.runInSequence(MethodRunner.java:46)
at org.testng.internal.TestInvoker$MethodInvocationAgent.invoke(TestInvoker.java:822)
at org.testng.internal.TestInvoker.invokeTestMethods(TestInvoker.java:147)
at org.testng.internal.TestMethodWorker.invokeTestMethods(TestMethodWorker.java:146)
at org.testng.internal.TestMethodWorker.run(TestMethodWorker.java:128)
at java.base/java.util.ArrayList.forEach(ArrayList.java:1511)
at org.testng.TestRunner.privateRun(TestRunner.java:764)
at org.testng.TestRunner.run(TestRunner.java:585)
at org.testng.SuiteRunner.runTest(SuiteRunner.java:384)
at org.testng.SuiteRunner.runSequentially(SuiteRunner.java:378)
at org.testng.SuiteRunner.privateRun(SuiteRunner.java:337)
at org.testng.SuiteRunner.run(SuiteRunner.java:286)
at org.testng.SuiteRunnerWorker.runSuite(SuiteRunnerWorker.java:53)
at org.testng.SuiteRunnerWorker.run(SuiteRunnerWorker.java:96)
at org.testng.TestNG.runSuitesSequentially(TestNG.java:1218)
at org.testng.TestNG.runSuitesLocally(TestNG.java:1140)
at org.testng.TestNG.runSuites(TestNG.java:1069)
at org.testng.TestNG.run(TestNG.java:1037)
at org.testng.remote.AbstractRemoteTestNG.run(AbstractRemoteTestNG.java:115)
at org.testng.remote.RemoteTestNG.initAndRun(RemoteTestNG.java:251)
at org.testng.remote.RemoteTestNG.main(RemoteTestNG.java:77)
]]>
    </failure>
  </testcase> <!-- flightBooking -->
</testsuite> <!-- Default test -->
