<?xml version="1.0" encoding="UTF-8"?>
<!-- Generated by org.testng.reporters.JUnitXMLReporter -->
<testsuite hostname="LAPTOP-G1AJ66R1" ignored="0" name="Test" tests="7" failures="1" timestamp="2020-11-16T22:16:58 IST" time="27.262" errors="0">
  <testcase name="initialize" time="4.654" classname="Automation.HomePage"/>
  <testcase name="openHomePage" time="8.115" classname="Automation.HomePage"/>
  <testcase name="getTitleOfPage" time="0.029" classname="Automation.HomePage"/>
  <testcase name="validateLogoDisplayed" time="0.382" classname="Automation.HomePage"/>
  <testcase name="checkHotelLink" time="6.656" classname="Automation.HomePage">
    <failure type="org.openqa.selenium.ElementClickInterceptedException" message="element click intercepted: Element &amp;lt;button data-testid=&amp;quot;searchHotelBtn&amp;quot; class=&amp;quot;dwebCommonstyles__ButtonBase-sc-112ty3f-9 SearchBlockUIstyles__SearchButtonAutoSuggest-fity7j-13 bdisym ekQIGU&amp;quot;&amp;gt;...&amp;lt;/button&amp;gt; is not clickable at point (454, 501). Other element would receive the click: &amp;lt;li role=&amp;quot;option&amp;quot; id=&amp;quot;downshift-1-item-2&amp;quot; class=&amp;quot;HomePageAutosuggeststyles__SearchListItem-sc-1v6s32j-2 eikFvD&amp;quot;&amp;gt;...&amp;lt;/li&amp;gt;
  (Session info: chrome=86.0.4240.193)
Build info: version: &amp;apos;3.141.59&amp;apos;, revision: &amp;apos;e82be7d358&amp;apos;, time: &amp;apos;2018-11-14T08:17:03&amp;apos;
System info: host: &amp;apos;LAPTOP-G1AJ66R1&amp;apos;, ip: &amp;apos;192.168.43.113&amp;apos;, os.name: &amp;apos;Windows 10&amp;apos;, os.arch: &amp;apos;amd64&amp;apos;, os.version: &amp;apos;10.0&amp;apos;, java.version: &amp;apos;1.8.0_212&amp;apos;
Driver info: org.openqa.selenium.chrome.ChromeDriver
Capabilities {acceptInsecureCerts: false, browserName: chrome, browserVersion: 86.0.4240.193, chrome: {chromedriverVersion: 86.0.4240.22 (398b0743353ff..., userDataDir: C:\Users\91970\AppData\Loca...}, goog:chromeOptions: {debuggerAddress: localhost:56465}, javascriptEnabled: true, networkConnectionEnabled: false, pageLoadStrategy: normal, platform: WINDOWS, platformName: WINDOWS, proxy: Proxy(), setWindowRect: true, strictFileInteractability: false, timeouts: {implicit: 0, pageLoad: 300000, script: 30000}, unhandledPromptBehavior: dismiss and notify, webauthn:virtualAuthenticators: true}
Session ID: 01781a8334dbfeb63d203bc449ea3f9f">
      <![CDATA[org.openqa.selenium.ElementClickInterceptedException: element click intercepted: Element <button data-testid="searchHotelBtn" class="dwebCommonstyles__ButtonBase-sc-112ty3f-9 SearchBlockUIstyles__SearchButtonAutoSuggest-fity7j-13 bdisym ekQIGU">...</button> is not clickable at point (454, 501). Other element would receive the click: <li role="option" id="downshift-1-item-2" class="HomePageAutosuggeststyles__SearchListItem-sc-1v6s32j-2 eikFvD">...</li>
  (Session info: chrome=86.0.4240.193)
Build info: version: '3.141.59', revision: 'e82be7d358', time: '2018-11-14T08:17:03'
System info: host: 'LAPTOP-G1AJ66R1', ip: '192.168.43.113', os.name: 'Windows 10', os.arch: 'amd64', os.version: '10.0', java.version: '1.8.0_212'
Driver info: org.openqa.selenium.chrome.ChromeDriver
Capabilities {acceptInsecureCerts: false, browserName: chrome, browserVersion: 86.0.4240.193, chrome: {chromedriverVersion: 86.0.4240.22 (398b0743353ff..., userDataDir: C:\Users\91970\AppData\Loca...}, goog:chromeOptions: {debuggerAddress: localhost:56465}, javascriptEnabled: true, networkConnectionEnabled: false, pageLoadStrategy: normal, platform: WINDOWS, platformName: WINDOWS, proxy: Proxy(), setWindowRect: true, strictFileInteractability: false, timeouts: {implicit: 0, pageLoad: 300000, script: 30000}, unhandledPromptBehavior: dismiss and notify, webauthn:virtualAuthenticators: true}
Session ID: 01781a8334dbfeb63d203bc449ea3f9f
at org.openqa.selenium.remote.http.W3CHttpResponseCodec.createException(W3CHttpResponseCodec.java:187)
at org.openqa.selenium.remote.http.W3CHttpResponseCodec.decode(W3CHttpResponseCodec.java:122)
at org.openqa.selenium.remote.http.W3CHttpResponseCodec.decode(W3CHttpResponseCodec.java:49)
at org.openqa.selenium.remote.HttpCommandExecutor.execute(HttpCommandExecutor.java:158)
at org.openqa.selenium.remote.service.DriverCommandExecutor.execute(DriverCommandExecutor.java:83)
at org.openqa.selenium.remote.RemoteWebDriver.execute(RemoteWebDriver.java:552)
at org.openqa.selenium.remote.RemoteWebElement.execute(RemoteWebElement.java:285)
at org.openqa.selenium.remote.RemoteWebElement.click(RemoteWebElement.java:84)
at Automation.HomePage.checkHotelLink(HomePage.java:85)
at java.util.ArrayList.forEach(ArrayList.java:1257)
... Removed 31 stack frames]]>
    </failure>
  </testcase> <!-- checkHotelLink -->
  <testcase name="checkRoundTrip" time="2.903" classname="Automation.HomePage"/>
  <testcase name="checkCablink" time="3.614" classname="Automation.HomePage"/>
</testsuite> <!-- Test -->
