<?xml version="1.0" encoding="UTF-8"?>
<!-- Generated by org.testng.reporters.JUnitReportReporter -->
<testsuite hostname="DESKTOP-QPO8K3C" failures="2" tests="20" name="testCases.GoStayTest" time="205.024" errors="0" timestamp="2020-12-04T22:07:46 IST" skipped="1">
  <testcase classname="testCases.GoStayTest" name="trendingDestinationCount" time="7.697"/>
  <system-out/>
  <testcase classname="testCases.GoStayTest" name="maxmValidationRule" time="20.580"/>
  <system-out/>
  <testcase classname="testCases.GoStayTest" name="maxmValidationRule" time="20.915"/>
  <system-out/>
  <testcase classname="testCases.GoStayTest" name="maxmValidationRule" time="21.105"/>
  <system-out/>
  <testcase classname="testCases.GoStayTest" name="maxmValidationRule" time="21.067"/>
  <system-out/>
  <testcase classname="testCases.GoStayTest" name="hotelSearchPage" time="4.434">
    <failure message="expected [40] but found [38]" type="java.lang.AssertionError">
      <![CDATA[java.lang.AssertionError: expected [40] but found [38]
at org.testng.Assert.fail(Assert.java:99)
at org.testng.Assert.failNotEquals(Assert.java:1037)
at org.testng.Assert.assertEqualsImpl(Assert.java:140)
at org.testng.Assert.assertEquals(Assert.java:122)
at org.testng.Assert.assertEquals(Assert.java:907)
at org.testng.Assert.assertEquals(Assert.java:917)
at testCases.GoStayTest.hotelSearchPage(GoStayTest.java:174)
at java.base/jdk.internal.reflect.NativeMethodAccessorImpl.invoke0(Native Method)
at java.base/jdk.internal.reflect.NativeMethodAccessorImpl.invoke(NativeMethodAccessorImpl.java:64)
at java.base/jdk.internal.reflect.DelegatingMethodAccessorImpl.invoke(DelegatingMethodAccessorImpl.java:43)
at java.base/java.lang.reflect.Method.invoke(Method.java:564)
at org.testng.internal.MethodInvocationHelper.invokeMethod(MethodInvocationHelper.java:132)
at org.testng.internal.TestInvoker.invokeMethod(TestInvoker.java:599)
at org.testng.internal.TestInvoker.invokeTestMethod(TestInvoker.java:174)
at org.testng.internal.MethodRunner.runInSequence(MethodRunner.java:46)
at org.testng.internal.TestInvoker$MethodInvocationAgent.invoke(TestInvoker.java:822)
at org.testng.internal.TestInvoker.invokeTestMethods(TestInvoker.java:147)
at org.testng.internal.TestMethodWorker.invokeTestMethods(TestMethodWorker.java:146)
at org.testng.internal.TestMethodWorker.run(TestMethodWorker.java:128)
at java.base/java.util.ArrayList.forEach(ArrayList.java:1511)
at org.testng.TestRunner.privateRun(TestRunner.java:764)
at org.testng.TestRunner.run(TestRunner.java:585)
at org.testng.SuiteRunner.runTest(SuiteRunner.java:384)
at org.testng.SuiteRunner.runSequentially(SuiteRunner.java:378)
at org.testng.SuiteRunner.privateRun(SuiteRunner.java:337)
at org.testng.SuiteRunner.run(SuiteRunner.java:286)
at org.testng.SuiteRunnerWorker.runSuite(SuiteRunnerWorker.java:53)
at org.testng.SuiteRunnerWorker.run(SuiteRunnerWorker.java:96)
at org.testng.TestNG.runSuitesSequentially(TestNG.java:1218)
at org.testng.TestNG.runSuitesLocally(TestNG.java:1140)
at org.testng.TestNG.runSuites(TestNG.java:1069)
at org.testng.TestNG.run(TestNG.java:1037)
at org.testng.remote.AbstractRemoteTestNG.run(AbstractRemoteTestNG.java:115)
at org.testng.remote.RemoteTestNG.initAndRun(RemoteTestNG.java:251)
at org.testng.remote.RemoteTestNG.main(RemoteTestNG.java:77)
]]>
    </failure>
  </testcase> <!-- hotelSearchPage -->
  <system-out/>
  <testcase classname="testCases.GoStayTest" name="validationOfFilter" time="9.681"/>
  <system-out/>
  <testcase classname="testCases.GoStayTest" name="validationOfFilter" time="9.166"/>
  <system-out/>
  <testcase classname="testCases.GoStayTest" name="validationOfFilter" time="8.166"/>
  <system-out/>
  <testcase classname="testCases.GoStayTest" name="validationOfFilter" time="8.977"/>
  <system-out/>
  <testcase classname="testCases.GoStayTest" name="validationOfFilter" time="9.226"/>
  <system-out/>
  <testcase classname="testCases.GoStayTest" name="validationOfFilter" time="9.041"/>
  <system-out/>
  <testcase classname="testCases.GoStayTest" name="validationOfFilter" time="9.138"/>
  <system-out/>
  <testcase classname="testCases.GoStayTest" name="suggestionList" time="10.939"/>
  <system-out/>
  <testcase classname="testCases.GoStayTest" name="suggestionListSelection" time="4.433"/>
  <system-out/>
  <testcase classname="testCases.GoStayTest" name="suggestionListSelection" time="4.248"/>
  <system-out/>
  <testcase classname="testCases.GoStayTest" name="suggestionListSelection" time="4.757">
    <failure message="expected [12] but found [10]" type="java.lang.AssertionError">
      <![CDATA[java.lang.AssertionError: expected [12] but found [10]
at org.testng.Assert.fail(Assert.java:99)
at org.testng.Assert.failNotEquals(Assert.java:1037)
at org.testng.Assert.assertEqualsImpl(Assert.java:140)
at org.testng.Assert.assertEquals(Assert.java:122)
at org.testng.Assert.assertEquals(Assert.java:907)
at org.testng.Assert.assertEquals(Assert.java:917)
at testCases.GoStayTest.suggestionListSelection(GoStayTest.java:284)
at java.base/jdk.internal.reflect.NativeMethodAccessorImpl.invoke0(Native Method)
at java.base/jdk.internal.reflect.NativeMethodAccessorImpl.invoke(NativeMethodAccessorImpl.java:64)
at java.base/jdk.internal.reflect.DelegatingMethodAccessorImpl.invoke(DelegatingMethodAccessorImpl.java:43)
at java.base/java.lang.reflect.Method.invoke(Method.java:564)
at org.testng.internal.MethodInvocationHelper.invokeMethod(MethodInvocationHelper.java:132)
at org.testng.internal.TestInvoker.invokeMethod(TestInvoker.java:599)
at org.testng.internal.TestInvoker.invokeTestMethod(TestInvoker.java:174)
at org.testng.internal.MethodRunner.runInSequence(MethodRunner.java:46)
at org.testng.internal.TestInvoker$MethodInvocationAgent.invoke(TestInvoker.java:822)
at org.testng.internal.TestInvoker.invokeTestMethods(TestInvoker.java:147)
at org.testng.internal.TestMethodWorker.invokeTestMethods(TestMethodWorker.java:146)
at org.testng.internal.TestMethodWorker.run(TestMethodWorker.java:128)
at java.base/java.util.ArrayList.forEach(ArrayList.java:1511)
at org.testng.TestRunner.privateRun(TestRunner.java:764)
at org.testng.TestRunner.run(TestRunner.java:585)
at org.testng.SuiteRunner.runTest(SuiteRunner.java:384)
at org.testng.SuiteRunner.runSequentially(SuiteRunner.java:378)
at org.testng.SuiteRunner.privateRun(SuiteRunner.java:337)
at org.testng.SuiteRunner.run(SuiteRunner.java:286)
at org.testng.SuiteRunnerWorker.runSuite(SuiteRunnerWorker.java:53)
at org.testng.SuiteRunnerWorker.run(SuiteRunnerWorker.java:96)
at org.testng.TestNG.runSuitesSequentially(TestNG.java:1218)
at org.testng.TestNG.runSuitesLocally(TestNG.java:1140)
at org.testng.TestNG.runSuites(TestNG.java:1069)
at org.testng.TestNG.run(TestNG.java:1037)
at org.testng.remote.AbstractRemoteTestNG.run(AbstractRemoteTestNG.java:115)
at org.testng.remote.RemoteTestNG.initAndRun(RemoteTestNG.java:251)
at org.testng.remote.RemoteTestNG.main(RemoteTestNG.java:77)
]]>
    </failure>
  </testcase> <!-- suggestionListSelection -->
  <system-out/>
  <testcase classname="testCases.GoStayTest" name="suggestionListSelection" time="4.442"/>
  <system-out/>
  <testcase classname="testCases.GoStayTest" name="validationBootomLinks" time="17.012"/>
  <system-out/>
  <testcase classname="testCases.GoStayTest" name="selectTrendingCity">
    <skipped/>
  </testcase> <!-- selectTrendingCity -->
  <system-out/>
</testsuite> <!-- testCases.GoStayTest -->
