<?xml version="1.0" encoding="UTF-8"?>
<!-- Generated by org.testng.reporters.JUnitXMLReporter -->
<testsuite ignored="0" hostname="DESKTOP-QPO8K3C" failures="1" tests="14" name="Test" time="300.522" errors="0" timestamp="2020-11-22T21:31:25 IST">
  <testcase classname="testCases.HomePageTest" name="numberOfLinksInLeftSection" time="0.458"/>
  <testcase classname="testCases.HomePageTest" name="numberOfLinksInRightSection" time="0.441"/>
  <testcase classname="testCases.HomePageTest" name="oneRoundTripWithoutDepDate" time="113.848"/>
  <testcase classname="testCases.HomePageTest" name="titleOfLinksRightSection" time="68.435"/>
  <testcase classname="testCases.HomePageTest" name="validateOfOneRoundTrip" time="43.785"/>
  <testcase classname="testCases.HomePageTest" name="departureTime_Stops_Airlines" time="0.585"/>
  <testcase classname="testCases.HomePageTest" name="ValidateFilterResult" time="7.319"/>
  <testcase classname="testCases.HomePageTest" name="resetSortingPrice" time="1.904"/>
  <testcase classname="testCases.HomePageTest" name="flightBooking" time="6.401"/>
  <testcase classname="testCases.GoStayTest" name="trendingDestinationCount" time="10.616">
    <failure type="org.openqa.selenium.ElementNotInteractableException" message="element not interactable
  (Session info: chrome=86.0.4240.198)
Build info: version: &amp;apos;3.141.59&amp;apos;, revision: &amp;apos;e82be7d358&amp;apos;, time: &amp;apos;2018-11-14T08:17:03&amp;apos;
System info: host: &amp;apos;DESKTOP-QPO8K3C&amp;apos;, ip: &amp;apos;192.168.43.128&amp;apos;, os.name: &amp;apos;Windows 10&amp;apos;, os.arch: &amp;apos;amd64&amp;apos;, os.version: &amp;apos;10.0&amp;apos;, java.version: &amp;apos;15&amp;apos;
Driver info: org.openqa.selenium.chrome.ChromeDriver
Capabilities {acceptInsecureCerts: false, browserName: chrome, browserVersion: 86.0.4240.198, chrome: {chromedriverVersion: 85.0.4183.87 (cd6713ebf92fa..., userDataDir: C:\Users\HP\AppData\Local\T...}, goog:chromeOptions: {debuggerAddress: localhost:54786}, javascriptEnabled: true, networkConnectionEnabled: false, pageLoadStrategy: normal, platform: WINDOWS, platformName: WINDOWS, proxy: Proxy(), setWindowRect: true, strictFileInteractability: false, timeouts: {implicit: 0, pageLoad: 300000, script: 30000}, unhandledPromptBehavior: dismiss and notify, webauthn:virtualAuthenticators: true}
Session ID: 9769d937c8417144a5475ddc012a360e">
      <![CDATA[org.openqa.selenium.ElementNotInteractableException: element not interactable
  (Session info: chrome=86.0.4240.198)
Build info: version: '3.141.59', revision: 'e82be7d358', time: '2018-11-14T08:17:03'
System info: host: 'DESKTOP-QPO8K3C', ip: '192.168.43.128', os.name: 'Windows 10', os.arch: 'amd64', os.version: '10.0', java.version: '15'
Driver info: org.openqa.selenium.chrome.ChromeDriver
Capabilities {acceptInsecureCerts: false, browserName: chrome, browserVersion: 86.0.4240.198, chrome: {chromedriverVersion: 85.0.4183.87 (cd6713ebf92fa..., userDataDir: C:\Users\HP\AppData\Local\T...}, goog:chromeOptions: {debuggerAddress: localhost:54786}, javascriptEnabled: true, networkConnectionEnabled: false, pageLoadStrategy: normal, platform: WINDOWS, platformName: WINDOWS, proxy: Proxy(), setWindowRect: true, strictFileInteractability: false, timeouts: {implicit: 0, pageLoad: 300000, script: 30000}, unhandledPromptBehavior: dismiss and notify, webauthn:virtualAuthenticators: true}
Session ID: 9769d937c8417144a5475ddc012a360e
at org.openqa.selenium.remote.http.W3CHttpResponseCodec.createException(W3CHttpResponseCodec.java:187)
at org.openqa.selenium.remote.http.W3CHttpResponseCodec.decode(W3CHttpResponseCodec.java:122)
at org.openqa.selenium.remote.http.W3CHttpResponseCodec.decode(W3CHttpResponseCodec.java:49)
at org.openqa.selenium.remote.HttpCommandExecutor.execute(HttpCommandExecutor.java:158)
at org.openqa.selenium.remote.service.DriverCommandExecutor.execute(DriverCommandExecutor.java:83)
at org.openqa.selenium.remote.RemoteWebDriver.execute(RemoteWebDriver.java:552)
at org.openqa.selenium.remote.RemoteWebElement.execute(RemoteWebElement.java:285)
at org.openqa.selenium.remote.RemoteWebElement.click(RemoteWebElement.java:84)
at pageObjectModel.HomePage.goStay(HomePage.java:134)
at testCases.GoStayTest.trendingDestinationCount(GoStayTest.java:37)
at java.base/java.util.ArrayList.forEach(ArrayList.java:1511)
... Removed 32 stack frames]]>
    </failure>
  </testcase> <!-- trendingDestinationCount -->
  <testcase classname="testCases.GoStayTest" name="selectTrendingCity" time="0.0">
    <skipped/>
  </testcase> <!-- selectTrendingCity -->
  <testcase classname="testCases.GoStayTest" name="suggestionList" time="0.0">
    <skipped/>
  </testcase> <!-- suggestionList -->
  <testcase classname="testCases.GoStayTest" name="suggestionListSelection" time="0.0">
    <skipped/>
  </testcase> <!-- suggestionListSelection -->
  <testcase classname="testCases.GoStayTest" name="validationBootomLinks" time="0.0">
    <skipped/>
  </testcase> <!-- validationBootomLinks -->
</testsuite> <!-- Test -->
